[2025-08-12 14:36:27] INFO - root - Initiate the data ingestion
[2025-08-12 14:36:31] INFO - root - Performed train test split on the dataframe
[2025-08-12 14:36:31] INFO - root - Exited split_data_as_train_test method of Data_Ingestion class
[2025-08-12 14:36:31] INFO - root - Exporting train and test file path.
[2025-08-12 14:36:31] INFO - root - Exported train and test file path.
[2025-08-12 14:36:31] INFO - root - Data Initiation Completed
[2025-08-12 14:36:31] INFO - root - Initiate the data Validation
[2025-08-12 14:36:31] INFO - root - Required number of columns:2
[2025-08-12 14:36:31] INFO - root - Data frame has columns:31
[2025-08-12 14:36:31] INFO - root - Required number of columns:2
[2025-08-12 14:36:31] INFO - root - Data frame has columns:31
[2025-08-12 14:36:32] INFO - root - data Validation Completed
[2025-08-12 14:36:32] INFO - root - data Transformation started
[2025-08-12 14:36:32] INFO - root - Enter initiate_data_transformation method of DataTransformation class
[2025-08-12 14:36:32] INFO - root - Starting data transformation
[2025-08-12 14:36:32] INFO - root - Entered get_data_trnasformer_object method of Trnasformation class
[2025-08-12 14:36:32] INFO - root - Initialise KNNImputer with {'missing_values': nan, 'n_neighbors': 3, 'weights': 'uniform'}
[2025-08-12 14:36:32] INFO - root - Entered the save_object method of MainUtils class
[2025-08-12 14:36:32] INFO - root - Exited the save_object method of MainUtils class
[2025-08-12 14:36:32] INFO - root - Entered the save_object method of MainUtils class
[2025-08-12 14:36:32] INFO - root - Exited the save_object method of MainUtils class
[2025-08-12 14:36:32] INFO - root - data Transformation completed
